
2024-07-12 03:37:36.829133 - lolo
2024-07-12 03:38:10.644518 - fa
2024-07-12 03:41:04.654465 - llalad
2024-07-12 03:42:37.083266 - fa
2024-07-12 03:45:10.005967 - ldlal
2024-07-12 03:45:15.509306 - faf edaa1 faf fad ggv bfv xcv bnm kiop lolo llalad
2024-07-12 03:45:25.789879 - faf edaa1 faf fad ggv bfv xcv bnm kiop lolo llalad
2024-07-12 03:47:14.745574 - fda
2024-07-12 03:48:01.371307 - fadvg
2024-07-12 03:48:49.648163 - fda
2024-07-12 03:49:04.997954 - fdaf
2024-07-12 03:49:13.293022 - fad
2024-07-12 03:49:14.845340 - fad
2024-07-12 03:49:15.413360 - fad
2024-07-12 03:49:17.670326 - fadfad
2024-07-12 03:49:18.349416 - fadfad
2024-07-12 03:49:26.620890 - xcv
2024-07-12 03:49:33.877244 - asw
2024-07-12 03:50:30.420458 - cd
2024-07-12 03:52:49.038401 - da
2024-07-12 03:53:30.341434 - fafc
2024-07-12 03:56:16.599872 - da
2024-07-12 03:57:56.613606 - fad
2024-07-12 04:11:52.479690 - faf
2024-07-12 04:18:10.474751 - let's go
2024-07-12 04:19:53.496369 - The legend him self
2024-07-12 04:20:05.119476 - The Killer
2024-07-12 04:21:02.446208 - The hosue of dragon
2024-07-12 04:21:05.966058 - memento
2024-07-12 04:21:12.356705 - Into the wild
2024-07-12 04:21:18.141825 - fight club
2024-07-12 04:21:31.229273 - Good will hunter
2024-07-12 04:22:11.953767 - Dead poets society
2024-07-12 04:22:20.674891 - Seven
2024-07-12 04:22:35.387781 - fad
2024-07-12 04:22:39.419038 - fda
